<?xml version="1.0" encoding="UTF-8"?>
<testng-results ignored="0" total="1" passed="1" failed="0" skipped="0">
  <reporter-output>
  </reporter-output>
  <suite started-at="2020-06-17T19:38:13 EDT" name="BDD Test Suite" finished-at="2020-06-17T19:38:37 EDT" duration-ms="23807">
    <groups>
      <group name="cucumber">
        <method signature="Runner.feature(cucumber.api.testng.CucumberFeatureWrapper)[pri:0, instance:Com.talentech.runner.Runner@5939a379]" name="feature" class="Com.talentech.runner.Runner"/>
      </group> <!-- cucumber -->
    </groups>
    <test started-at="2020-06-17T19:38:13 EDT" name="Login and Update Profile Test" finished-at="2020-06-17T19:38:37 EDT" duration-ms="23807">
      <class name="Com.talentech.runner.Runner">
        <test-method is-config="true" signature="setUpClass()[pri:0, instance:Com.talentech.runner.Runner@5939a379]" started-at="2020-06-17T19:38:13 EDT" name="setUpClass" finished-at="2020-06-17T19:38:14 EDT" duration-ms="309" status="PASS">
          <reporter-output>
          </reporter-output>
        </test-method> <!-- setUpClass -->
        <test-method signature="feature(cucumber.api.testng.CucumberFeatureWrapper)[pri:0, instance:Com.talentech.runner.Runner@5939a379]" started-at="2020-06-17T19:38:14 EDT" name="feature" description="Runs Cucumber Feature" data-provider="features" finished-at="2020-06-17T19:38:37 EDT" duration-ms="22878" status="PASS">
          <params>
            <param index="0">
              <value>
                <![CDATA[Login Feature]]>
              </value>
            </param>
          </params>
          <reporter-output>
          </reporter-output>
        </test-method> <!-- feature -->
        <test-method is-config="true" signature="tearDownClass()[pri:0, instance:Com.talentech.runner.Runner@5939a379]" started-at="2020-06-17T19:38:37 EDT" name="tearDownClass" finished-at="2020-06-17T19:38:37 EDT" duration-ms="22" status="PASS">
          <reporter-output>
          </reporter-output>
        </test-method> <!-- tearDownClass -->
      </class> <!-- Com.talentech.runner.Runner -->
    </test> <!-- Login and Update Profile Test -->
  </suite> <!-- BDD Test Suite -->
</testng-results>
