<?xml version="1.0" encoding="UTF-8"?>
<testng-results skipped="0" failed="0" ignored="0" total="1" passed="1">
  <reporter-output>
  </reporter-output>
  <suite name="BDD Test Suite" duration-ms="18371" started-at="2020-07-03T19:17:05 EDT" finished-at="2020-07-03T19:17:24 EDT">
    <groups>
      <group name="cucumber">
        <method signature="Runner.feature(cucumber.api.testng.CucumberFeatureWrapper)[pri:0, instance:Com.talentech.runner.Runner@464bee09]" name="feature" class="Com.talentech.runner.Runner"/>
      </group> <!-- cucumber -->
    </groups>
    <test name="Login and Update Profile Test" duration-ms="18371" started-at="2020-07-03T19:17:05 EDT" finished-at="2020-07-03T19:17:24 EDT">
      <class name="Com.talentech.runner.Runner">
        <test-method status="PASS" signature="setUpClass()[pri:0, instance:Com.talentech.runner.Runner@464bee09]" name="setUpClass" is-config="true" duration-ms="337" started-at="2020-07-03T19:17:05 EDT" finished-at="2020-07-03T19:17:06 EDT">
          <reporter-output>
          </reporter-output>
        </test-method> <!-- setUpClass -->
        <test-method status="PASS" signature="feature(cucumber.api.testng.CucumberFeatureWrapper)[pri:0, instance:Com.talentech.runner.Runner@464bee09]" name="feature" duration-ms="17535" started-at="2020-07-03T19:17:06 EDT" description="Runs Cucumber Feature" data-provider="features" finished-at="2020-07-03T19:17:23 EDT">
          <params>
            <param index="0">
              <value>
                <![CDATA[Login Feature]]>
              </value>
            </param>
          </params>
          <reporter-output>
          </reporter-output>
        </test-method> <!-- feature -->
        <test-method status="PASS" signature="tearDownClass()[pri:0, instance:Com.talentech.runner.Runner@464bee09]" name="tearDownClass" is-config="true" duration-ms="22" started-at="2020-07-03T19:17:24 EDT" finished-at="2020-07-03T19:17:24 EDT">
          <reporter-output>
          </reporter-output>
        </test-method> <!-- tearDownClass -->
      </class> <!-- Com.talentech.runner.Runner -->
    </test> <!-- Login and Update Profile Test -->
  </suite> <!-- BDD Test Suite -->
</testng-results>
